Fri 14 Apr 2023 05:12:08 AM UTC: 
 tests:  0|6
total_score: 0/70
ff9caa9
Fri 14 Apr 2023 07:43:37 AM UTC: 
 hashmap.c | 30 +++++++++++++-----------------
 1 file changed, 13 insertions(+), 17 deletions(-)
In file included from test.c:4:
hashmap.c:3:1: error: unknown type name ‘Pair’
    3 | Pair * createPair( char * key,  void * value) {
      | ^~~~
hashmap.c: In function ‘createPair’:
hashmap.c:4:5: error: unknown type name ‘Pair’
    4 |     Pair * new = (Pair *)malloc(sizeof(Pair));
      |     ^~~~
hashmap.c:4:19: error: ‘Pair’ undeclared (first use in this function)
    4 |     Pair * new = (Pair *)malloc(sizeof(Pair));
      |                   ^~~~
hashmap.c:4:19: note: each undeclared identifier is reported only once for each function it appears in
hashmap.c:4:25: error: expected expression before ‘)’ token
    4 |     Pair * new = (Pair *)malloc(sizeof(Pair));
      |                         ^
hashmap.c:5:8: error: request for member ‘key’ in something not a structure or union
    5 |     new->key = key;
      |        ^~
hashmap.c:6:8: error: request for member ‘value’ in something not a structure or union
    6 |     new->value = value;
      |        ^~
hashmap.c: In function ‘hash’:
hashmap.c:14:27: error: implicit declaration of function ‘tolower’ [-Werror=implicit-function-declaration]
   14 |         hash += hash*32 + tolower(*ptr);
      |                           ^~~~~~~
hashmap.c:1:1: note: include ‘<ctype.h>’ or provide a declaration of ‘tolower’
  +++ |+#include <ctype.h>
    1 | 
hashmap.c: At top level:
hashmap.c:26:16: error: unknown type name ‘HashMap’
   26 | void insertMap(HashMap * map, char * key, void * value) {
      |                ^~~~~~~
hashmap.c:31:14: error: unknown type name ‘HashMap’
   31 | void enlarge(HashMap * map) {
      |              ^~~~~~~
hashmap.c:38:1: error: unknown type name ‘HashMap’
   38 | HashMap * createMap(long capacity) {
      | ^~~~~~~
hashmap.c: In function ‘createMap’:
hashmap.c:39:5: error: unknown type name ‘HashMap’
   39 |     HashMap *map = (HashMap *) malloc(sizeof(HashMap));
      |     ^~~~~~~
hashmap.c:39:21: error: ‘HashMap’ undeclared (first use in this function)
   39 |     HashMap *map = (HashMap *) malloc(sizeof(HashMap));
      |                     ^~~~~~~
hashmap.c:39:30: error: expected expression before ‘)’ token
   39 |     HashMap *map = (HashMap *) malloc(sizeof(HashMap));
      |                              ^
hashmap.c:43:8: error: request for member ‘buckets’ in something not a structure or union
   43 |     map->buckets = (Pair **) calloc(capacity, sizeof(Pair *));
      |        ^~
hashmap.c:43:21: error: ‘Pair’ undeclared (first use in this function)
   43 |     map->buckets = (Pair **) calloc(capacity, sizeof(Pair *));
      |                     ^~~~
hashmap.c:43:28: error: expected expression before ‘)’ token
   43 |     map->buckets = (Pair **) calloc(capacity, sizeof(Pair *));
      |                            ^
hashmap.c:44:12: error: request for member ‘buckets’ in something not a structure or union
   44 |     if (map->buckets == NULL) {
      |            ^~
hashmap.c:48:8: error: request for member ‘size’ in something not a structure or union
   48 |     map->size = 0;
      |        ^~
hashmap.c:49:8: error: request for member ‘capacity’ in something not a structure or union
   49 |     map->capacity = capacity;
      |        ^~
hashmap.c:50:8: error: request for member ‘current’ in something not a structure or union
   50 |     map->current = -1;
      |        ^~
hashmap.c: At top level:
hashmap.c:55:15: error: unknown type name ‘HashMap’
   55 | void eraseMap(HashMap * map,  char * key) {
      |               ^~~~~~~
hashmap.c:60:1: error: unknown type name ‘Pair’
   60 | Pair * searchMap(HashMap * map,  char * key) {
      | ^~~~
hashmap.c:60:18: error: unknown type name ‘HashMap’
   60 | Pair * searchMap(HashMap * map,  char * key) {
      |                  ^~~~~~~
hashmap.c:66:1: error: unknown type name ‘Pair’
   66 | Pair * firstMap(HashMap * map) {
      | ^~~~
hashmap.c:66:17: error: unknown type name ‘HashMap’
   66 | Pair * firstMap(HashMap * map) {
      |                 ^~~~~~~
hashmap.c:71:1: error: unknown type name ‘Pair’
   71 | Pair * nextMap(HashMap * map) {
      | ^~~~
hashmap.c:71:16: error: unknown type name ‘HashMap’
   71 | Pair * nextMap(HashMap * map) {
      |                ^~~~~~~
test.c:41:1: error: unknown type name ‘HashMap’
   41 | HashMap* initializeMap(){
      | ^~~~~~~
test.c: In function ‘initializeMap’:
test.c:43:5: error: unknown type name ‘HashMap’
   43 |     HashMap * map = (HashMap *)malloc(sizeof(HashMap));
      |     ^~~~~~~
test.c:43:22: error: ‘HashMap’ undeclared (first use in this function)
   43 |     HashMap * map = (HashMap *)malloc(sizeof(HashMap));
      |                      ^~~~~~~
test.c:43:31: error: expected expression before ‘)’ token
   43 |     HashMap * map = (HashMap *)malloc(sizeof(HashMap));
      |                               ^
test.c:44:8: error: request for member ‘buckets’ in something not a structure or union
   44 |     map->buckets = (Pair **) calloc (10,sizeof(Pair *));
      |        ^~
test.c:44:21: error: ‘Pair’ undeclared (first use in this function)
   44 |     map->buckets = (Pair **) calloc (10,sizeof(Pair *));
      |                     ^~~~
test.c:44:28: error: expected expression before ‘)’ token
   44 |     map->buckets = (Pair **) calloc (10,sizeof(Pair *));
      |                            ^
test.c:45:8: error: request for member ‘capacity’ in something not a structure or union
   45 |     map->capacity = 10;
      |        ^~
test.c:52:12: error: request for member ‘buckets’ in something not a structure or union
   52 |         map->buckets[hashs[i]] =
      |            ^~
test.c:56:8: error: request for member ‘size’ in something not a structure or union
   56 |     map->size=6;
      |        ^~
test.c:48:9: error: variable ‘hashs’ set but not used [-Werror=unused-but-set-variable]
   48 |     int hashs[6]={8,7,6,0,4,2}; //using function in hashmap.c
      |         ^~~~~
test.c: In function ‘createMap_test1’:
test.c:65:5: error: unknown type name ‘HashMap’
   65 |     HashMap *map= createMap(10);
      |     ^~~~~~~
test.c: In function ‘createMap_test2’:
test.c:76:5: error: unknown type name ‘HashMap’
   76 |     HashMap *map = createMap(10);
      |     ^~~~~~~
test.c:79:13: error: request for member ‘buckets’ in something not a structure or union
   79 |       if(map->buckets[i]!=NULL) {err_msg("bucket no nulo"); return 0;}
      |             ^~
test.c: In function ‘createMap_test3’:
test.c:84:5: error: unknown type name ‘HashMap’
   84 |     HashMap *map = createMap(10);
      |     ^~~~~~~
test.c:85:11: error: request for member ‘size’ in something not a structure or union
   85 |     if(map->size !=0 || map->capacity!=10 || map->current!=-1){
      |           ^~
test.c:85:28: error: request for member ‘capacity’ in something not a structure or union
   85 |     if(map->size !=0 || map->capacity!=10 || map->current!=-1){
      |                            ^~
test.c:85:49: error: request for member ‘current’ in something not a structure or union
   85 |     if(map->size !=0 || map->capacity!=10 || map->current!=-1){
      |                                                 ^~
test.c:91:11: error: request for member ‘size’ in something not a structure or union
   91 |     if(map->size !=0 || map->capacity!=5 || map->current!=-1){
      |           ^~
test.c:91:28: error: request for member ‘capacity’ in something not a structure or union
   91 |     if(map->size !=0 || map->capacity!=5 || map->current!=-1){
      |                            ^~
test.c:91:48: error: request for member ‘current’ in something not a structure or union
   91 |     if(map->size !=0 || map->capacity!=5 || map->current!=-1){
      |                                                ^~
test.c: In function ‘insert_test1’:
test.c:139:5: error: unknown type name ‘HashMap’
  139 |     HashMap *map = initializeMap();
      |     ^~~~~~~
test.c:141:5: error: implicit declaration of function ‘insertMap’ [-Werror=implicit-function-declaration]
  141 |     insertMap(map, _strdup(":key"),_strdup("value"));
      |     ^~~~~~~~~
test.c:143:11: error: request for member ‘buckets’ in something not a structure or union
  143 |     if(map->buckets[3] == NULL){
      |           ^~
test.c:148:20: error: request for member ‘buckets’ in something not a structure or union
  148 |     if( strcmp (map->buckets[3]->key, ":key")!=0 ||
      |                    ^~
test.c:149:25: error: request for member ‘buckets’ in something not a structure or union
  149 |              strcmp (map->buckets[3]->value, "value")!=0 ){
      |                         ^~
test.c:154:11: error: request for member ‘size’ in something not a structure or union
  154 |     if(map->size != 7){
      |           ^~
test.c:159:8: error: ‘enlarge_called’ undeclared (first use in this function)
  159 |     if(enlarge_called == 1){
      |        ^~~~~~~~~~~~~~
test.c: In function ‘insert_test2’:
test.c:169:5: error: unknown type name ‘HashMap’
  169 |     HashMap *map = initializeMap();
      |     ^~~~~~~
test.c:172:11: error: request for member ‘buckets’ in something not a structure or union
  172 |     if(map->buckets[1] != NULL){
      |           ^~
test.c: In function ‘insert_test3’:
test.c:180:5: error: unknown type name ‘HashMap’
  180 |     HashMap *map = initializeMap();
      |     ^~~~~~~
test.c:183:11: error: request for member ‘buckets’ in something not a structure or union
  183 |     if(map->buckets[9]==NULL || !is_equal(map->buckets[9]->value,"value") ){
      |           ^~
test.c:183:46: error: request for member ‘buckets’ in something not a structure or union
  183 |     if(map->buckets[9]==NULL || !is_equal(map->buckets[9]->value,"value") ){
      |                                              ^~
test.c: In function ‘insert_test4’:
test.c:193:5: error: unknown type name ‘HashMap’
  193 |     HashMap *map = initializeMap();
      |     ^~~~~~~
test.c:196:11: error: request for member ‘buckets’ in something not a structure or union
  196 |     if(map->buckets[9]==NULL || !is_equal(map->buckets[9]->value,"value") ){
      |           ^~
test.c:196:46: error: request for member ‘buckets’ in something not a structure or union
  196 |     if(map->buckets[9]==NULL || !is_equal(map->buckets[9]->value,"value") ){
      |                                              ^~
test.c:203:8: error: request for member ‘size’ in something not a structure or union
  203 |     map->size=6;
      |        ^~
test.c:206:11: error: request for member ‘buckets’ in something not a structure or union
  206 |     if(map->buckets[1]==NULL || !is_equal(map->buckets[1]->value,"value") ){
      |           ^~
test.c:206:46: error: request for member ‘buckets’ in something not a structure or union
  206 |     if(map->buckets[1]==NULL || !is_equal(map->buckets[1]->value,"value") ){
      |                                              ^~
test.c: In function ‘insert_test5’:
test.c:218:5: error: unknown type name ‘HashMap’
  218 |     HashMap *map = initializeMap();
      |     ^~~~~~~
test.c:219:8: error: request for member ‘size’ in something not a structure or union
  219 |     map->size = 7; //se fuerza size=7
      |        ^~
test.c:223:8: error: ‘enlarge_called’ undeclared (first use in this function)
  223 |     if(enlarge_called == 0){
      |        ^~~~~~~~~~~~~~
test.c: In function ‘search_test1’:
test.c:234:5: error: unknown type name ‘HashMap’
  234 |     HashMap *map = initializeMap();
      |     ^~~~~~~
test.c:236:18: error: implicit declaration of function ‘searchMap’ [-Werror=implicit-function-declaration]
  236 |     void* ret =  searchMap(map, "carro");
      |                  ^~~~~~~~~
test.c:236:18: error: initialization of ‘void *’ from ‘int’ makes pointer from integer without a cast [-Werror=int-conversion]
test.c:242:18: error: request for member ‘buckets’ in something not a structure or union
  242 |     if(ret != map->buckets[7]) {
      |                  ^~
test.c:248:11: error: request for member ‘current’ in something not a structure or union
  248 |     if(map->current!=7){
      |           ^~
test.c: In function ‘search_test2’:
test.c:257:5: error: unknown type name ‘HashMap’
  257 |     HashMap *map = initializeMap();
      |     ^~~~~~~
test.c:259:8: error: request for member ‘buckets’ in something not a structure or union
  259 |     map->buckets[9]=createPair(_strdup("key"),_strdup("value"));
      |        ^~
test.c:262:5: error: unknown type name ‘Pair’
  262 |     Pair* ret =  searchMap(map, "key");
      |     ^~~~
test.c:262:18: error: initialization of ‘int *’ from ‘int’ makes pointer from integer without a cast [-Werror=int-conversion]
  262 |     Pair* ret =  searchMap(map, "key");
      |                  ^~~~~~~~~
test.c:268:18: error: request for member ‘buckets’ in something not a structure or union
  268 |     if(ret != map->buckets[9]) {
      |                  ^~
test.c: In function ‘search_test3’:
test.c:277:5: error: unknown type name ‘HashMap’
  277 |     HashMap *map = initializeMap();
      |     ^~~~~~~
test.c:279:30: error: comparison between pointer and integer [-Werror]
  279 |     if(searchMap(map, "holo")!=NULL) {
      |                              ^~
test.c:280:70: error: request for member ‘buckets’ in something not a structure or union
  280 |         sprintf(msg,"searchMap retorna un elemento con clave %s", map->buckets[map->current]->key);
      |                                                                      ^~
test.c:280:83: error: request for member ‘current’ in something not a structure or union
  280 |         sprintf(msg,"searchMap retorna un elemento con clave %s", map->buckets[map->current]->key);
      |                                                                                   ^~
test.c: In function ‘erase_test1’:
test.c:290:5: error: unknown type name ‘HashMap’
  290 |     HashMap *map = initializeMap();
      |     ^~~~~~~
test.c:292:5: error: implicit declaration of function ‘eraseMap’; did you mean ‘createMap’? [-Werror=implicit-function-declaration]
  292 |     eraseMap(map, "olla");
      |     ^~~~~~~~
      |     createMap
test.c:294:11: error: request for member ‘buckets’ in something not a structure or union
  294 |     if(map->buckets[0]==NULL){
      |           ^~
test.c:299:11: error: request for member ‘buckets’ in something not a structure or union
  299 |     if(map->buckets[0]->key !=NULL) {
      |           ^~
test.c:304:11: error: request for member ‘size’ in something not a structure or union
  304 |     if(map->size != 5){
      |           ^~
test.c: In function ‘erase_test2’:
test.c:315:5: error: unknown type name ‘HashMap’
  315 |     HashMap *map = initializeMap();
      |     ^~~~~~~
test.c:317:8: error: request for member ‘buckets’ in something not a structure or union
  317 |     map->buckets[9]=createPair(_strdup("key"),_strdup("value"));
      |        ^~
test.c:322:11: error: request for member ‘buckets’ in something not a structure or union
  322 |     if(map->buckets[9]->key!=NULL){
      |           ^~
test.c: In function ‘erase_test3’:
test.c:331:5: error: unknown type name ‘HashMap’
  331 |     HashMap *map = initializeMap();
      |     ^~~~~~~
test.c:335:11: error: request for member ‘buckets’ in something not a structure or union
  335 |     if(map->buckets[2]->key==NULL){
      |           ^~
test.c: In function ‘first_test’:
test.c:346:5: error: unknown type name ‘HashMap’
  346 |     HashMap *map = initializeMap();
      |     ^~~~~~~
test.c:349:5: error: unknown type name ‘Pair’
  349 |     Pair* aux = firstMap(map);
      |     ^~~~
test.c:349:17: error: implicit declaration of function ‘firstMap’ [-Werror=implicit-function-declaration]
  349 |     Pair* aux = firstMap(map);
      |                 ^~~~~~~~
test.c:349:17: error: initialization of ‘int *’ from ‘int’ makes pointer from integer without a cast [-Werror=int-conversion]
test.c:355:18: error: request for member ‘buckets’ in something not a structure or union
  355 |     if(aux != map->buckets[0]){
      |                  ^~
test.c:360:11: error: request for member ‘current’ in something not a structure or union
  360 |     if(map->current != 0){
      |           ^~
test.c:368:8: error: request for member ‘buckets’ in something not a structure or union
  368 |     map->buckets[0]->key=NULL;
      |        ^~
test.c:371:9: error: assignment to ‘int *’ from ‘int’ makes pointer from integer without a cast [-Werror=int-conversion]
  371 |     aux = firstMap(map);
      |         ^
test.c:373:18: error: request for member ‘buckets’ in something not a structure or union
  373 |     if(aux != map->buckets[2]){
      |                  ^~
test.c:378:11: error: request for member ‘current’ in something not a structure or union
  378 |     if(map->current != 2){
      |           ^~
test.c: In function ‘next_test’:
test.c:390:5: error: unknown type name ‘HashMap’
  390 |     HashMap *map = initializeMap();
      |     ^~~~~~~
test.c:393:8: error: request for member ‘current’ in something not a structure or union
  393 |     map->current=0;
      |        ^~
test.c:394:8: error: implicit declaration of function ‘nextMap’ [-Werror=implicit-function-declaration]
  394 |     if(nextMap(map)!=map->buckets[2]){
      |        ^~~~~~~
test.c:394:25: error: request for member ‘buckets’ in something not a structure or union
  394 |     if(nextMap(map)!=map->buckets[2]){
      |                         ^~
test.c:400:11: error: request for member ‘current’ in something not a structure or union
  400 |     if(map->current!=2){
      |           ^~
test.c:406:8: error: request for member ‘current’ in something not a structure or union
  406 |     map->current=7;
      |        ^~
test.c:407:25: error: request for member ‘buckets’ in something not a structure or union
  407 |     if(nextMap(map)!=map->buckets[8]){
      |                         ^~
test.c:416:20: error: comparison between pointer and integer [-Werror]
  416 |     if(nextMap(map)!=NULL){
      |                    ^~
test.c: In function ‘enlarge_test’:
test.c:426:5: error: unknown type name ‘HashMap’
  426 |     HashMap *map = initializeMap();
      |     ^~~~~~~
test.c:429:23: error: request for member ‘buckets’ in something not a structure or union
  429 |     void* value3 = map->buckets[0]->value;
      |                       ^~
test.c:430:23: error: request for member ‘buckets’ in something not a structure or union
  430 |     void* value5 = map->buckets[2]->value;
      |                       ^~
test.c:431:23: error: request for member ‘buckets’ in something not a structure or union
  431 |     void* value4 = map->buckets[4]->value;
      |                       ^~
test.c:433:5: error: implicit declaration of function ‘enlarge’ [-Werror=implicit-function-declaration]
  433 |     enlarge(map);
      |     ^~~~~~~
test.c:435:11: error: request for member ‘buckets’ in something not a structure or union
  435 |     if(map->buckets[0]->value!=value3 || map->buckets[2]!=NULL || map->buckets[12]->value != value5 || map->buckets[4]->value!=value4){
      |           ^~
test.c:435:45: error: request for member ‘buckets’ in something not a structure or union
  435 |     if(map->buckets[0]->value!=value3 || map->buckets[2]!=NULL || map->buckets[12]->value != value5 || map->buckets[4]->value!=value4){
      |                                             ^~
test.c:435:70: error: request for member ‘buckets’ in something not a structure or union
  435 |     if(map->buckets[0]->value!=value3 || map->buckets[2]!=NULL || map->buckets[12]->value != value5 || map->buckets[4]->value!=value4){
      |                                                                      ^~
test.c:435:107: error: request for member ‘buckets’ in something not a structure or union
  435 |     if(map->buckets[0]->value!=value3 || map->buckets[2]!=NULL || map->buckets[12]->value != value5 || map->buckets[4]->value!=value4){
      |                                                                                                           ^~
test.c:437:22: error: request for member ‘capacity’ in something not a structure or union
  437 |         for(i=0;i<map->capacity;i++){
      |                      ^~
test.c:438:19: error: request for member ‘buckets’ in something not a structure or union
  438 |             if(map->buckets[i]==NULL) sprintf(msg,"%.100s(null)  ",msg);
      |                   ^~
test.c:439:59: error: request for member ‘buckets’ in something not a structure or union
  439 |             else sprintf(msg,"%.100s%s  ", msg, (char*)map->buckets[i]->value);
      |                                                           ^~
cc1: all warnings being treated as errors
Compilation failed
479ade4
Fri 14 Apr 2023 07:44:27 AM UTC: 
 hashmap.c | 13 -------------
 1 file changed, 13 deletions(-)
In file included from test.c:4:
hashmap.c:3:1: error: unknown type name ‘Pair’
    3 | Pair * createPair( char * key,  void * value) {
      | ^~~~
hashmap.c: In function ‘createPair’:
hashmap.c:4:5: error: unknown type name ‘Pair’
    4 |     Pair * new = (Pair *)malloc(sizeof(Pair));
      |     ^~~~
hashmap.c:4:19: error: ‘Pair’ undeclared (first use in this function)
    4 |     Pair * new = (Pair *)malloc(sizeof(Pair));
      |                   ^~~~
hashmap.c:4:19: note: each undeclared identifier is reported only once for each function it appears in
hashmap.c:4:25: error: expected expression before ‘)’ token
    4 |     Pair * new = (Pair *)malloc(sizeof(Pair));
      |                         ^
hashmap.c:5:8: error: request for member ‘key’ in something not a structure or union
    5 |     new->key = key;
      |        ^~
hashmap.c:6:8: error: request for member ‘value’ in something not a structure or union
    6 |     new->value = value;
      |        ^~
hashmap.c: In function ‘hash’:
hashmap.c:14:27: error: implicit declaration of function ‘tolower’ [-Werror=implicit-function-declaration]
   14 |         hash += hash*32 + tolower(*ptr);
      |                           ^~~~~~~
hashmap.c:1:1: note: include ‘<ctype.h>’ or provide a declaration of ‘tolower’
  +++ |+#include <ctype.h>
    1 | 
hashmap.c: At top level:
hashmap.c:26:16: error: unknown type name ‘HashMap’
   26 | void insertMap(HashMap * map, char * key, void * value) {
      |                ^~~~~~~
hashmap.c:31:14: error: unknown type name ‘HashMap’
   31 | void enlarge(HashMap * map) {
      |              ^~~~~~~
hashmap.c:37:1: error: unknown type name ‘HashMap’
   37 | HashMap * createMap(long capacity) {
      | ^~~~~~~
hashmap.c: In function ‘createMap’:
hashmap.c:39:12: error: ‘map’ undeclared (first use in this function)
   39 |     return map;
      |            ^~~
hashmap.c: At top level:
hashmap.c:42:15: error: unknown type name ‘HashMap’
   42 | void eraseMap(HashMap * map,  char * key) {
      |               ^~~~~~~
hashmap.c:47:1: error: unknown type name ‘Pair’
   47 | Pair * searchMap(HashMap * map,  char * key) {
      | ^~~~
hashmap.c:47:18: error: unknown type name ‘HashMap’
   47 | Pair * searchMap(HashMap * map,  char * key) {
      |                  ^~~~~~~
hashmap.c:53:1: error: unknown type name ‘Pair’
   53 | Pair * firstMap(HashMap * map) {
      | ^~~~
hashmap.c:53:17: error: unknown type name ‘HashMap’
   53 | Pair * firstMap(HashMap * map) {
      |                 ^~~~~~~
hashmap.c:58:1: error: unknown type name ‘Pair’
   58 | Pair * nextMap(HashMap * map) {
      | ^~~~
hashmap.c:58:16: error: unknown type name ‘HashMap’
   58 | Pair * nextMap(HashMap * map) {
      |                ^~~~~~~
test.c:41:1: error: unknown type name ‘HashMap’
   41 | HashMap* initializeMap(){
      | ^~~~~~~
test.c: In function ‘initializeMap’:
test.c:43:5: error: unknown type name ‘HashMap’
   43 |     HashMap * map = (HashMap *)malloc(sizeof(HashMap));
      |     ^~~~~~~
test.c:43:22: error: ‘HashMap’ undeclared (first use in this function)
   43 |     HashMap * map = (HashMap *)malloc(sizeof(HashMap));
      |                      ^~~~~~~
test.c:43:31: error: expected expression before ‘)’ token
   43 |     HashMap * map = (HashMap *)malloc(sizeof(HashMap));
      |                               ^
test.c:44:8: error: request for member ‘buckets’ in something not a structure or union
   44 |     map->buckets = (Pair **) calloc (10,sizeof(Pair *));
      |        ^~
test.c:44:21: error: ‘Pair’ undeclared (first use in this function)
   44 |     map->buckets = (Pair **) calloc (10,sizeof(Pair *));
      |                     ^~~~
test.c:44:28: error: expected expression before ‘)’ token
   44 |     map->buckets = (Pair **) calloc (10,sizeof(Pair *));
      |                            ^
test.c:45:8: error: request for member ‘capacity’ in something not a structure or union
   45 |     map->capacity = 10;
      |        ^~
test.c:52:12: error: request for member ‘buckets’ in something not a structure or union
   52 |         map->buckets[hashs[i]] =
      |            ^~
test.c:56:8: error: request for member ‘size’ in something not a structure or union
   56 |     map->size=6;
      |        ^~
test.c:48:9: error: variable ‘hashs’ set but not used [-Werror=unused-but-set-variable]
   48 |     int hashs[6]={8,7,6,0,4,2}; //using function in hashmap.c
      |         ^~~~~
test.c: In function ‘createMap_test1’:
test.c:65:5: error: unknown type name ‘HashMap’
   65 |     HashMap *map= createMap(10);
      |     ^~~~~~~
test.c: In function ‘createMap_test2’:
test.c:76:5: error: unknown type name ‘HashMap’
   76 |     HashMap *map = createMap(10);
      |     ^~~~~~~
test.c:79:13: error: request for member ‘buckets’ in something not a structure or union
   79 |       if(map->buckets[i]!=NULL) {err_msg("bucket no nulo"); return 0;}
      |             ^~
test.c: In function ‘createMap_test3’:
test.c:84:5: error: unknown type name ‘HashMap’
   84 |     HashMap *map = createMap(10);
      |     ^~~~~~~
test.c:85:11: error: request for member ‘size’ in something not a structure or union
   85 |     if(map->size !=0 || map->capacity!=10 || map->current!=-1){
      |           ^~
test.c:85:28: error: request for member ‘capacity’ in something not a structure or union
   85 |     if(map->size !=0 || map->capacity!=10 || map->current!=-1){
      |                            ^~
test.c:85:49: error: request for member ‘current’ in something not a structure or union
   85 |     if(map->size !=0 || map->capacity!=10 || map->current!=-1){
      |                                                 ^~
test.c:91:11: error: request for member ‘size’ in something not a structure or union
   91 |     if(map->size !=0 || map->capacity!=5 || map->current!=-1){
      |           ^~
test.c:91:28: error: request for member ‘capacity’ in something not a structure or union
   91 |     if(map->size !=0 || map->capacity!=5 || map->current!=-1){
      |                            ^~
test.c:91:48: error: request for member ‘current’ in something not a structure or union
   91 |     if(map->size !=0 || map->capacity!=5 || map->current!=-1){
      |                                                ^~
test.c: In function ‘insert_test1’:
test.c:139:5: error: unknown type name ‘HashMap’
  139 |     HashMap *map = initializeMap();
      |     ^~~~~~~
test.c:141:5: error: implicit declaration of function ‘insertMap’ [-Werror=implicit-function-declaration]
  141 |     insertMap(map, _strdup(":key"),_strdup("value"));
      |     ^~~~~~~~~
test.c:143:11: error: request for member ‘buckets’ in something not a structure or union
  143 |     if(map->buckets[3] == NULL){
      |           ^~
test.c:148:20: error: request for member ‘buckets’ in something not a structure or union
  148 |     if( strcmp (map->buckets[3]->key, ":key")!=0 ||
      |                    ^~
test.c:149:25: error: request for member ‘buckets’ in something not a structure or union
  149 |              strcmp (map->buckets[3]->value, "value")!=0 ){
      |                         ^~
test.c:154:11: error: request for member ‘size’ in something not a structure or union
  154 |     if(map->size != 7){
      |           ^~
test.c:159:8: error: ‘enlarge_called’ undeclared (first use in this function)
  159 |     if(enlarge_called == 1){
      |        ^~~~~~~~~~~~~~
test.c: In function ‘insert_test2’:
test.c:169:5: error: unknown type name ‘HashMap’
  169 |     HashMap *map = initializeMap();
      |     ^~~~~~~
test.c:172:11: error: request for member ‘buckets’ in something not a structure or union
  172 |     if(map->buckets[1] != NULL){
      |           ^~
test.c: In function ‘insert_test3’:
test.c:180:5: error: unknown type name ‘HashMap’
  180 |     HashMap *map = initializeMap();
      |     ^~~~~~~
test.c:183:11: error: request for member ‘buckets’ in something not a structure or union
  183 |     if(map->buckets[9]==NULL || !is_equal(map->buckets[9]->value,"value") ){
      |           ^~
test.c:183:46: error: request for member ‘buckets’ in something not a structure or union
  183 |     if(map->buckets[9]==NULL || !is_equal(map->buckets[9]->value,"value") ){
      |                                              ^~
test.c: In function ‘insert_test4’:
test.c:193:5: error: unknown type name ‘HashMap’
  193 |     HashMap *map = initializeMap();
      |     ^~~~~~~
test.c:196:11: error: request for member ‘buckets’ in something not a structure or union
  196 |     if(map->buckets[9]==NULL || !is_equal(map->buckets[9]->value,"value") ){
      |           ^~
test.c:196:46: error: request for member ‘buckets’ in something not a structure or union
  196 |     if(map->buckets[9]==NULL || !is_equal(map->buckets[9]->value,"value") ){
      |                                              ^~
test.c:203:8: error: request for member ‘size’ in something not a structure or union
  203 |     map->size=6;
      |        ^~
test.c:206:11: error: request for member ‘buckets’ in something not a structure or union
  206 |     if(map->buckets[1]==NULL || !is_equal(map->buckets[1]->value,"value") ){
      |           ^~
test.c:206:46: error: request for member ‘buckets’ in something not a structure or union
  206 |     if(map->buckets[1]==NULL || !is_equal(map->buckets[1]->value,"value") ){
      |                                              ^~
test.c: In function ‘insert_test5’:
test.c:218:5: error: unknown type name ‘HashMap’
  218 |     HashMap *map = initializeMap();
      |     ^~~~~~~
test.c:219:8: error: request for member ‘size’ in something not a structure or union
  219 |     map->size = 7; //se fuerza size=7
      |        ^~
test.c:223:8: error: ‘enlarge_called’ undeclared (first use in this function)
  223 |     if(enlarge_called == 0){
      |        ^~~~~~~~~~~~~~
test.c: In function ‘search_test1’:
test.c:234:5: error: unknown type name ‘HashMap’
  234 |     HashMap *map = initializeMap();
      |     ^~~~~~~
test.c:236:18: error: implicit declaration of function ‘searchMap’ [-Werror=implicit-function-declaration]
  236 |     void* ret =  searchMap(map, "carro");
      |                  ^~~~~~~~~
test.c:236:18: error: initialization of ‘void *’ from ‘int’ makes pointer from integer without a cast [-Werror=int-conversion]
test.c:242:18: error: request for member ‘buckets’ in something not a structure or union
  242 |     if(ret != map->buckets[7]) {
      |                  ^~
test.c:248:11: error: request for member ‘current’ in something not a structure or union
  248 |     if(map->current!=7){
      |           ^~
test.c: In function ‘search_test2’:
test.c:257:5: error: unknown type name ‘HashMap’
  257 |     HashMap *map = initializeMap();
      |     ^~~~~~~
test.c:259:8: error: request for member ‘buckets’ in something not a structure or union
  259 |     map->buckets[9]=createPair(_strdup("key"),_strdup("value"));
      |        ^~
test.c:262:5: error: unknown type name ‘Pair’
  262 |     Pair* ret =  searchMap(map, "key");
      |     ^~~~
test.c:262:18: error: initialization of ‘int *’ from ‘int’ makes pointer from integer without a cast [-Werror=int-conversion]
  262 |     Pair* ret =  searchMap(map, "key");
      |                  ^~~~~~~~~
test.c:268:18: error: request for member ‘buckets’ in something not a structure or union
  268 |     if(ret != map->buckets[9]) {
      |                  ^~
test.c: In function ‘search_test3’:
test.c:277:5: error: unknown type name ‘HashMap’
  277 |     HashMap *map = initializeMap();
      |     ^~~~~~~
test.c:279:30: error: comparison between pointer and integer [-Werror]
  279 |     if(searchMap(map, "holo")!=NULL) {
      |                              ^~
test.c:280:70: error: request for member ‘buckets’ in something not a structure or union
  280 |         sprintf(msg,"searchMap retorna un elemento con clave %s", map->buckets[map->current]->key);
      |                                                                      ^~
test.c:280:83: error: request for member ‘current’ in something not a structure or union
  280 |         sprintf(msg,"searchMap retorna un elemento con clave %s", map->buckets[map->current]->key);
      |                                                                                   ^~
test.c: In function ‘erase_test1’:
test.c:290:5: error: unknown type name ‘HashMap’
  290 |     HashMap *map = initializeMap();
      |     ^~~~~~~
test.c:292:5: error: implicit declaration of function ‘eraseMap’; did you mean ‘createMap’? [-Werror=implicit-function-declaration]
  292 |     eraseMap(map, "olla");
      |     ^~~~~~~~
      |     createMap
test.c:294:11: error: request for member ‘buckets’ in something not a structure or union
  294 |     if(map->buckets[0]==NULL){
      |           ^~
test.c:299:11: error: request for member ‘buckets’ in something not a structure or union
  299 |     if(map->buckets[0]->key !=NULL) {
      |           ^~
test.c:304:11: error: request for member ‘size’ in something not a structure or union
  304 |     if(map->size != 5){
      |           ^~
test.c: In function ‘erase_test2’:
test.c:315:5: error: unknown type name ‘HashMap’
  315 |     HashMap *map = initializeMap();
      |     ^~~~~~~
test.c:317:8: error: request for member ‘buckets’ in something not a structure or union
  317 |     map->buckets[9]=createPair(_strdup("key"),_strdup("value"));
      |        ^~
test.c:322:11: error: request for member ‘buckets’ in something not a structure or union
  322 |     if(map->buckets[9]->key!=NULL){
      |           ^~
test.c: In function ‘erase_test3’:
test.c:331:5: error: unknown type name ‘HashMap’
  331 |     HashMap *map = initializeMap();
      |     ^~~~~~~
test.c:335:11: error: request for member ‘buckets’ in something not a structure or union
  335 |     if(map->buckets[2]->key==NULL){
      |           ^~
test.c: In function ‘first_test’:
test.c:346:5: error: unknown type name ‘HashMap’
  346 |     HashMap *map = initializeMap();
      |     ^~~~~~~
test.c:349:5: error: unknown type name ‘Pair’
  349 |     Pair* aux = firstMap(map);
      |     ^~~~
test.c:349:17: error: implicit declaration of function ‘firstMap’ [-Werror=implicit-function-declaration]
  349 |     Pair* aux = firstMap(map);
      |                 ^~~~~~~~
test.c:349:17: error: initialization of ‘int *’ from ‘int’ makes pointer from integer without a cast [-Werror=int-conversion]
test.c:355:18: error: request for member ‘buckets’ in something not a structure or union
  355 |     if(aux != map->buckets[0]){
      |                  ^~
test.c:360:11: error: request for member ‘current’ in something not a structure or union
  360 |     if(map->current != 0){
      |           ^~
test.c:368:8: error: request for member ‘buckets’ in something not a structure or union
  368 |     map->buckets[0]->key=NULL;
      |        ^~
test.c:371:9: error: assignment to ‘int *’ from ‘int’ makes pointer from integer without a cast [-Werror=int-conversion]
  371 |     aux = firstMap(map);
      |         ^
test.c:373:18: error: request for member ‘buckets’ in something not a structure or union
  373 |     if(aux != map->buckets[2]){
      |                  ^~
test.c:378:11: error: request for member ‘current’ in something not a structure or union
  378 |     if(map->current != 2){
      |           ^~
test.c: In function ‘next_test’:
test.c:390:5: error: unknown type name ‘HashMap’
  390 |     HashMap *map = initializeMap();
      |     ^~~~~~~
test.c:393:8: error: request for member ‘current’ in something not a structure or union
  393 |     map->current=0;
      |        ^~
test.c:394:8: error: implicit declaration of function ‘nextMap’ [-Werror=implicit-function-declaration]
  394 |     if(nextMap(map)!=map->buckets[2]){
      |        ^~~~~~~
test.c:394:25: error: request for member ‘buckets’ in something not a structure or union
  394 |     if(nextMap(map)!=map->buckets[2]){
      |                         ^~
test.c:400:11: error: request for member ‘current’ in something not a structure or union
  400 |     if(map->current!=2){
      |           ^~
test.c:406:8: error: request for member ‘current’ in something not a structure or union
  406 |     map->current=7;
      |        ^~
test.c:407:25: error: request for member ‘buckets’ in something not a structure or union
  407 |     if(nextMap(map)!=map->buckets[8]){
      |                         ^~
test.c:416:20: error: comparison between pointer and integer [-Werror]
  416 |     if(nextMap(map)!=NULL){
      |                    ^~
test.c: In function ‘enlarge_test’:
test.c:426:5: error: unknown type name ‘HashMap’
  426 |     HashMap *map = initializeMap();
      |     ^~~~~~~
test.c:429:23: error: request for member ‘buckets’ in something not a structure or union
  429 |     void* value3 = map->buckets[0]->value;
      |                       ^~
test.c:430:23: error: request for member ‘buckets’ in something not a structure or union
  430 |     void* value5 = map->buckets[2]->value;
      |                       ^~
test.c:431:23: error: request for member ‘buckets’ in something not a structure or union
  431 |     void* value4 = map->buckets[4]->value;
      |                       ^~
test.c:433:5: error: implicit declaration of function ‘enlarge’ [-Werror=implicit-function-declaration]
  433 |     enlarge(map);
      |     ^~~~~~~
test.c:435:11: error: request for member ‘buckets’ in something not a structure or union
  435 |     if(map->buckets[0]->value!=value3 || map->buckets[2]!=NULL || map->buckets[12]->value != value5 || map->buckets[4]->value!=value4){
      |           ^~
test.c:435:45: error: request for member ‘buckets’ in something not a structure or union
  435 |     if(map->buckets[0]->value!=value3 || map->buckets[2]!=NULL || map->buckets[12]->value != value5 || map->buckets[4]->value!=value4){
      |                                             ^~
test.c:435:70: error: request for member ‘buckets’ in something not a structure or union
  435 |     if(map->buckets[0]->value!=value3 || map->buckets[2]!=NULL || map->buckets[12]->value != value5 || map->buckets[4]->value!=value4){
      |                                                                      ^~
test.c:435:107: error: request for member ‘buckets’ in something not a structure or union
  435 |     if(map->buckets[0]->value!=value3 || map->buckets[2]!=NULL || map->buckets[12]->value != value5 || map->buckets[4]->value!=value4){
      |                                                                                                           ^~
test.c:437:22: error: request for member ‘capacity’ in something not a structure or union
  437 |         for(i=0;i<map->capacity;i++){
      |                      ^~
test.c:438:19: error: request for member ‘buckets’ in something not a structure or union
  438 |             if(map->buckets[i]==NULL) sprintf(msg,"%.100s(null)  ",msg);
      |                   ^~
test.c:439:59: error: request for member ‘buckets’ in something not a structure or union
  439 |             else sprintf(msg,"%.100s%s  ", msg, (char*)map->buckets[i]->value);
      |                                                           ^~
In file included from test.c:4:
hashmap.c: In function ‘createMap’:
hashmap.c:40:1: error: control reaches end of non-void function [-Werror=return-type]
   40 | }
      | ^
cc1: all warnings being treated as errors
Compilation failed
fd040b2
Fri 14 Apr 2023 07:44:39 AM UTC: 
 hashmap.c | 2 +-
 1 file changed, 1 insertion(+), 1 deletion(-)
In file included from test.c:4:
hashmap.c:3:1: error: unknown type name ‘Pair’
    3 | Pair * createPair( char * key,  void * value) {
      | ^~~~
hashmap.c: In function ‘createPair’:
hashmap.c:4:5: error: unknown type name ‘Pair’
    4 |     Pair * new = (Pair *)malloc(sizeof(Pair));
      |     ^~~~
hashmap.c:4:19: error: ‘Pair’ undeclared (first use in this function)
    4 |     Pair * new = (Pair *)malloc(sizeof(Pair));
      |                   ^~~~
hashmap.c:4:19: note: each undeclared identifier is reported only once for each function it appears in
hashmap.c:4:25: error: expected expression before ‘)’ token
    4 |     Pair * new = (Pair *)malloc(sizeof(Pair));
      |                         ^
hashmap.c:5:8: error: request for member ‘key’ in something not a structure or union
    5 |     new->key = key;
      |        ^~
hashmap.c:6:8: error: request for member ‘value’ in something not a structure or union
    6 |     new->value = value;
      |        ^~
hashmap.c: In function ‘hash’:
hashmap.c:14:27: error: implicit declaration of function ‘tolower’ [-Werror=implicit-function-declaration]
   14 |         hash += hash*32 + tolower(*ptr);
      |                           ^~~~~~~
hashmap.c:1:1: note: include ‘<ctype.h>’ or provide a declaration of ‘tolower’
  +++ |+#include <ctype.h>
    1 | 
hashmap.c: At top level:
hashmap.c:26:16: error: unknown type name ‘HashMap’
   26 | void insertMap(HashMap * map, char * key, void * value) {
      |                ^~~~~~~
hashmap.c:31:14: error: unknown type name ‘HashMap’
   31 | void enlarge(HashMap * map) {
      |              ^~~~~~~
hashmap.c:37:1: error: unknown type name ‘HashMap’
   37 | HashMap * createMap(long capacity) {
      | ^~~~~~~
hashmap.c:42:15: error: unknown type name ‘HashMap’
   42 | void eraseMap(HashMap * map,  char * key) {
      |               ^~~~~~~
hashmap.c:47:1: error: unknown type name ‘Pair’
   47 | Pair * searchMap(HashMap * map,  char * key) {
      | ^~~~
hashmap.c:47:18: error: unknown type name ‘HashMap’
   47 | Pair * searchMap(HashMap * map,  char * key) {
      |                  ^~~~~~~
hashmap.c:53:1: error: unknown type name ‘Pair’
   53 | Pair * firstMap(HashMap * map) {
      | ^~~~
hashmap.c:53:17: error: unknown type name ‘HashMap’
   53 | Pair * firstMap(HashMap * map) {
      |                 ^~~~~~~
hashmap.c:58:1: error: unknown type name ‘Pair’
   58 | Pair * nextMap(HashMap * map) {
      | ^~~~
hashmap.c:58:16: error: unknown type name ‘HashMap’
   58 | Pair * nextMap(HashMap * map) {
      |                ^~~~~~~
test.c:41:1: error: unknown type name ‘HashMap’
   41 | HashMap* initializeMap(){
      | ^~~~~~~
test.c: In function ‘initializeMap’:
test.c:43:5: error: unknown type name ‘HashMap’
   43 |     HashMap * map = (HashMap *)malloc(sizeof(HashMap));
      |     ^~~~~~~
test.c:43:22: error: ‘HashMap’ undeclared (first use in this function)
   43 |     HashMap * map = (HashMap *)malloc(sizeof(HashMap));
      |                      ^~~~~~~
test.c:43:31: error: expected expression before ‘)’ token
   43 |     HashMap * map = (HashMap *)malloc(sizeof(HashMap));
      |                               ^
test.c:44:8: error: request for member ‘buckets’ in something not a structure or union
   44 |     map->buckets = (Pair **) calloc (10,sizeof(Pair *));
      |        ^~
test.c:44:21: error: ‘Pair’ undeclared (first use in this function)
   44 |     map->buckets = (Pair **) calloc (10,sizeof(Pair *));
      |                     ^~~~
test.c:44:28: error: expected expression before ‘)’ token
   44 |     map->buckets = (Pair **) calloc (10,sizeof(Pair *));
      |                            ^
test.c:45:8: error: request for member ‘capacity’ in something not a structure or union
   45 |     map->capacity = 10;
      |        ^~
test.c:52:12: error: request for member ‘buckets’ in something not a structure or union
   52 |         map->buckets[hashs[i]] =
      |            ^~
test.c:56:8: error: request for member ‘size’ in something not a structure or union
   56 |     map->size=6;
      |        ^~
test.c:48:9: error: variable ‘hashs’ set but not used [-Werror=unused-but-set-variable]
   48 |     int hashs[6]={8,7,6,0,4,2}; //using function in hashmap.c
      |         ^~~~~
test.c: In function ‘createMap_test1’:
test.c:65:5: error: unknown type name ‘HashMap’
   65 |     HashMap *map= createMap(10);
      |     ^~~~~~~
test.c: In function ‘createMap_test2’:
test.c:76:5: error: unknown type name ‘HashMap’
   76 |     HashMap *map = createMap(10);
      |     ^~~~~~~
test.c:79:13: error: request for member ‘buckets’ in something not a structure or union
   79 |       if(map->buckets[i]!=NULL) {err_msg("bucket no nulo"); return 0;}
      |             ^~
test.c: In function ‘createMap_test3’:
test.c:84:5: error: unknown type name ‘HashMap’
   84 |     HashMap *map = createMap(10);
      |     ^~~~~~~
test.c:85:11: error: request for member ‘size’ in something not a structure or union
   85 |     if(map->size !=0 || map->capacity!=10 || map->current!=-1){
      |           ^~
test.c:85:28: error: request for member ‘capacity’ in something not a structure or union
   85 |     if(map->size !=0 || map->capacity!=10 || map->current!=-1){
      |                            ^~
test.c:85:49: error: request for member ‘current’ in something not a structure or union
   85 |     if(map->size !=0 || map->capacity!=10 || map->current!=-1){
      |                                                 ^~
test.c:91:11: error: request for member ‘size’ in something not a structure or union
   91 |     if(map->size !=0 || map->capacity!=5 || map->current!=-1){
      |           ^~
test.c:91:28: error: request for member ‘capacity’ in something not a structure or union
   91 |     if(map->size !=0 || map->capacity!=5 || map->current!=-1){
      |                            ^~
test.c:91:48: error: request for member ‘current’ in something not a structure or union
   91 |     if(map->size !=0 || map->capacity!=5 || map->current!=-1){
      |                                                ^~
test.c: In function ‘insert_test1’:
test.c:139:5: error: unknown type name ‘HashMap’
  139 |     HashMap *map = initializeMap();
      |     ^~~~~~~
test.c:141:5: error: implicit declaration of function ‘insertMap’ [-Werror=implicit-function-declaration]
  141 |     insertMap(map, _strdup(":key"),_strdup("value"));
      |     ^~~~~~~~~
test.c:143:11: error: request for member ‘buckets’ in something not a structure or union
  143 |     if(map->buckets[3] == NULL){
      |           ^~
test.c:148:20: error: request for member ‘buckets’ in something not a structure or union
  148 |     if( strcmp (map->buckets[3]->key, ":key")!=0 ||
      |                    ^~
test.c:149:25: error: request for member ‘buckets’ in something not a structure or union
  149 |              strcmp (map->buckets[3]->value, "value")!=0 ){
      |                         ^~
test.c:154:11: error: request for member ‘size’ in something not a structure or union
  154 |     if(map->size != 7){
      |           ^~
test.c:159:8: error: ‘enlarge_called’ undeclared (first use in this function)
  159 |     if(enlarge_called == 1){
      |        ^~~~~~~~~~~~~~
test.c: In function ‘insert_test2’:
test.c:169:5: error: unknown type name ‘HashMap’
  169 |     HashMap *map = initializeMap();
      |     ^~~~~~~
test.c:172:11: error: request for member ‘buckets’ in something not a structure or union
  172 |     if(map->buckets[1] != NULL){
      |           ^~
test.c: In function ‘insert_test3’:
test.c:180:5: error: unknown type name ‘HashMap’
  180 |     HashMap *map = initializeMap();
      |     ^~~~~~~
test.c:183:11: error: request for member ‘buckets’ in something not a structure or union
  183 |     if(map->buckets[9]==NULL || !is_equal(map->buckets[9]->value,"value") ){
      |           ^~
test.c:183:46: error: request for member ‘buckets’ in something not a structure or union
  183 |     if(map->buckets[9]==NULL || !is_equal(map->buckets[9]->value,"value") ){
      |                                              ^~
test.c: In function ‘insert_test4’:
test.c:193:5: error: unknown type name ‘HashMap’
  193 |     HashMap *map = initializeMap();
      |     ^~~~~~~
test.c:196:11: error: request for member ‘buckets’ in something not a structure or union
  196 |     if(map->buckets[9]==NULL || !is_equal(map->buckets[9]->value,"value") ){
      |           ^~
test.c:196:46: error: request for member ‘buckets’ in something not a structure or union
  196 |     if(map->buckets[9]==NULL || !is_equal(map->buckets[9]->value,"value") ){
      |                                              ^~
test.c:203:8: error: request for member ‘size’ in something not a structure or union
  203 |     map->size=6;
      |        ^~
test.c:206:11: error: request for member ‘buckets’ in something not a structure or union
  206 |     if(map->buckets[1]==NULL || !is_equal(map->buckets[1]->value,"value") ){
      |           ^~
test.c:206:46: error: request for member ‘buckets’ in something not a structure or union
  206 |     if(map->buckets[1]==NULL || !is_equal(map->buckets[1]->value,"value") ){
      |                                              ^~
test.c: In function ‘insert_test5’:
test.c:218:5: error: unknown type name ‘HashMap’
  218 |     HashMap *map = initializeMap();
      |     ^~~~~~~
test.c:219:8: error: request for member ‘size’ in something not a structure or union
  219 |     map->size = 7; //se fuerza size=7
      |        ^~
test.c:223:8: error: ‘enlarge_called’ undeclared (first use in this function)
  223 |     if(enlarge_called == 0){
      |        ^~~~~~~~~~~~~~
test.c: In function ‘search_test1’:
test.c:234:5: error: unknown type name ‘HashMap’
  234 |     HashMap *map = initializeMap();
      |     ^~~~~~~
test.c:236:18: error: implicit declaration of function ‘searchMap’ [-Werror=implicit-function-declaration]
  236 |     void* ret =  searchMap(map, "carro");
      |                  ^~~~~~~~~
test.c:236:18: error: initialization of ‘void *’ from ‘int’ makes pointer from integer without a cast [-Werror=int-conversion]
test.c:242:18: error: request for member ‘buckets’ in something not a structure or union
  242 |     if(ret != map->buckets[7]) {
      |                  ^~
test.c:248:11: error: request for member ‘current’ in something not a structure or union
  248 |     if(map->current!=7){
      |           ^~
test.c: In function ‘search_test2’:
test.c:257:5: error: unknown type name ‘HashMap’
  257 |     HashMap *map = initializeMap();
      |     ^~~~~~~
test.c:259:8: error: request for member ‘buckets’ in something not a structure or union
  259 |     map->buckets[9]=createPair(_strdup("key"),_strdup("value"));
      |        ^~
test.c:262:5: error: unknown type name ‘Pair’
  262 |     Pair* ret =  searchMap(map, "key");
      |     ^~~~
test.c:262:18: error: initialization of ‘int *’ from ‘int’ makes pointer from integer without a cast [-Werror=int-conversion]
  262 |     Pair* ret =  searchMap(map, "key");
      |                  ^~~~~~~~~
test.c:268:18: error: request for member ‘buckets’ in something not a structure or union
  268 |     if(ret != map->buckets[9]) {
      |                  ^~
test.c: In function ‘search_test3’:
test.c:277:5: error: unknown type name ‘HashMap’
  277 |     HashMap *map = initializeMap();
      |     ^~~~~~~
test.c:279:30: error: comparison between pointer and integer [-Werror]
  279 |     if(searchMap(map, "holo")!=NULL) {
      |                              ^~
test.c:280:70: error: request for member ‘buckets’ in something not a structure or union
  280 |         sprintf(msg,"searchMap retorna un elemento con clave %s", map->buckets[map->current]->key);
      |                                                                      ^~
test.c:280:83: error: request for member ‘current’ in something not a structure or union
  280 |         sprintf(msg,"searchMap retorna un elemento con clave %s", map->buckets[map->current]->key);
      |                                                                                   ^~
test.c: In function ‘erase_test1’:
test.c:290:5: error: unknown type name ‘HashMap’
  290 |     HashMap *map = initializeMap();
      |     ^~~~~~~
test.c:292:5: error: implicit declaration of function ‘eraseMap’; did you mean ‘createMap’? [-Werror=implicit-function-declaration]
  292 |     eraseMap(map, "olla");
      |     ^~~~~~~~
      |     createMap
test.c:294:11: error: request for member ‘buckets’ in something not a structure or union
  294 |     if(map->buckets[0]==NULL){
      |           ^~
test.c:299:11: error: request for member ‘buckets’ in something not a structure or union
  299 |     if(map->buckets[0]->key !=NULL) {
      |           ^~
test.c:304:11: error: request for member ‘size’ in something not a structure or union
  304 |     if(map->size != 5){
      |           ^~
test.c: In function ‘erase_test2’:
test.c:315:5: error: unknown type name ‘HashMap’
  315 |     HashMap *map = initializeMap();
      |     ^~~~~~~
test.c:317:8: error: request for member ‘buckets’ in something not a structure or union
  317 |     map->buckets[9]=createPair(_strdup("key"),_strdup("value"));
      |        ^~
test.c:322:11: error: request for member ‘buckets’ in something not a structure or union
  322 |     if(map->buckets[9]->key!=NULL){
      |           ^~
test.c: In function ‘erase_test3’:
test.c:331:5: error: unknown type name ‘HashMap’
  331 |     HashMap *map = initializeMap();
      |     ^~~~~~~
test.c:335:11: error: request for member ‘buckets’ in something not a structure or union
  335 |     if(map->buckets[2]->key==NULL){
      |           ^~
test.c: In function ‘first_test’:
test.c:346:5: error: unknown type name ‘HashMap’
  346 |     HashMap *map = initializeMap();
      |     ^~~~~~~
test.c:349:5: error: unknown type name ‘Pair’
  349 |     Pair* aux = firstMap(map);
      |     ^~~~
test.c:349:17: error: implicit declaration of function ‘firstMap’ [-Werror=implicit-function-declaration]
  349 |     Pair* aux = firstMap(map);
      |                 ^~~~~~~~
test.c:349:17: error: initialization of ‘int *’ from ‘int’ makes pointer from integer without a cast [-Werror=int-conversion]
test.c:355:18: error: request for member ‘buckets’ in something not a structure or union
  355 |     if(aux != map->buckets[0]){
      |                  ^~
test.c:360:11: error: request for member ‘current’ in something not a structure or union
  360 |     if(map->current != 0){
      |           ^~
test.c:368:8: error: request for member ‘buckets’ in something not a structure or union
  368 |     map->buckets[0]->key=NULL;
      |        ^~
test.c:371:9: error: assignment to ‘int *’ from ‘int’ makes pointer from integer without a cast [-Werror=int-conversion]
  371 |     aux = firstMap(map);
      |         ^
test.c:373:18: error: request for member ‘buckets’ in something not a structure or union
  373 |     if(aux != map->buckets[2]){
      |                  ^~
test.c:378:11: error: request for member ‘current’ in something not a structure or union
  378 |     if(map->current != 2){
      |           ^~
test.c: In function ‘next_test’:
test.c:390:5: error: unknown type name ‘HashMap’
  390 |     HashMap *map = initializeMap();
      |     ^~~~~~~
test.c:393:8: error: request for member ‘current’ in something not a structure or union
  393 |     map->current=0;
      |        ^~
test.c:394:8: error: implicit declaration of function ‘nextMap’ [-Werror=implicit-function-declaration]
  394 |     if(nextMap(map)!=map->buckets[2]){
      |        ^~~~~~~
test.c:394:25: error: request for member ‘buckets’ in something not a structure or union
  394 |     if(nextMap(map)!=map->buckets[2]){
      |                         ^~
test.c:400:11: error: request for member ‘current’ in something not a structure or union
  400 |     if(map->current!=2){
      |           ^~
test.c:406:8: error: request for member ‘current’ in something not a structure or union
  406 |     map->current=7;
      |        ^~
test.c:407:25: error: request for member ‘buckets’ in something not a structure or union
  407 |     if(nextMap(map)!=map->buckets[8]){
      |                         ^~
test.c:416:20: error: comparison between pointer and integer [-Werror]
  416 |     if(nextMap(map)!=NULL){
      |                    ^~
test.c: In function ‘enlarge_test’:
test.c:426:5: error: unknown type name ‘HashMap’
  426 |     HashMap *map = initializeMap();
      |     ^~~~~~~
test.c:429:23: error: request for member ‘buckets’ in something not a structure or union
  429 |     void* value3 = map->buckets[0]->value;
      |                       ^~
test.c:430:23: error: request for member ‘buckets’ in something not a structure or union
  430 |     void* value5 = map->buckets[2]->value;
      |                       ^~
test.c:431:23: error: request for member ‘buckets’ in something not a structure or union
  431 |     void* value4 = map->buckets[4]->value;
      |                       ^~
test.c:433:5: error: implicit declaration of function ‘enlarge’ [-Werror=implicit-function-declaration]
  433 |     enlarge(map);
      |     ^~~~~~~
test.c:435:11: error: request for member ‘buckets’ in something not a structure or union
  435 |     if(map->buckets[0]->value!=value3 || map->buckets[2]!=NULL || map->buckets[12]->value != value5 || map->buckets[4]->value!=value4){
      |           ^~
test.c:435:45: error: request for member ‘buckets’ in something not a structure or union
  435 |     if(map->buckets[0]->value!=value3 || map->buckets[2]!=NULL || map->buckets[12]->value != value5 || map->buckets[4]->value!=value4){
      |                                             ^~
test.c:435:70: error: request for member ‘buckets’ in something not a structure or union
  435 |     if(map->buckets[0]->value!=value3 || map->buckets[2]!=NULL || map->buckets[12]->value != value5 || map->buckets[4]->value!=value4){
      |                                                                      ^~
test.c:435:107: error: request for member ‘buckets’ in something not a structure or union
  435 |     if(map->buckets[0]->value!=value3 || map->buckets[2]!=NULL || map->buckets[12]->value != value5 || map->buckets[4]->value!=value4){
      |                                                                                                           ^~
test.c:437:22: error: request for member ‘capacity’ in something not a structure or union
  437 |         for(i=0;i<map->capacity;i++){
      |                      ^~
test.c:438:19: error: request for member ‘buckets’ in something not a structure or union
  438 |             if(map->buckets[i]==NULL) sprintf(msg,"%.100s(null)  ",msg);
      |                   ^~
test.c:439:59: error: request for member ‘buckets’ in something not a structure or union
  439 |             else sprintf(msg,"%.100s%s  ", msg, (char*)map->buckets[i]->value);
      |                                                           ^~
cc1: all warnings being treated as errors
Compilation failed
95451f7
Fri 14 Apr 2023 07:45:09 AM UTC: 
 hashmap.c | 18 +++++++++++++++++-
 1 file changed, 17 insertions(+), 1 deletion(-)
 tests:  0|6
total_score: 0/70
1aca8b9
Fri 14 Apr 2023 07:45:44 AM UTC: 
 hashmap.c | 13 ++++++++++++-
 1 file changed, 12 insertions(+), 1 deletion(-)
 tests:  1|5
total_score: 10/70
c808970
Fri 14 Apr 2023 07:51:58 AM UTC: 
 hashmap.c | 26 ++++++++++++++++++++++++++
 1 file changed, 26 insertions(+)
In file included from test.c:4:
hashmap.c:47:6: error: redefinition of ‘insertMap’
   47 | void insertMap(HashMap * map, char * key, void * value){
      |      ^~~~~~~~~
hashmap.c:42:6: note: previous definition of ‘insertMap’ with type ‘void(HashMap *, char *, void *)’ {aka ‘void(struct HashMap *, char *, void *)’}
   42 | void insertMap(HashMap * map, char * key, void * value) {
      |      ^~~~~~~~~
hashmap.c:51:6: error: redefinition of ‘insertMap’
   51 | void insertMap(HashMap * map, char * key, void * value){
      |      ^~~~~~~~~
hashmap.c:42:6: note: previous definition of ‘insertMap’ with type ‘void(HashMap *, char *, void *)’ {aka ‘void(struct HashMap *, char *, void *)’}
   42 | void insertMap(HashMap * map, char * key, void * value) {
      |      ^~~~~~~~~
Compilation failed
5e36358
Fri 14 Apr 2023 07:52:19 AM UTC: 
 hashmap.c | 4 ----
 1 file changed, 4 deletions(-)
In file included from test.c:4:
hashmap.c:47:6: error: redefinition of ‘insertMap’
   47 | void insertMap(HashMap * map, char * key, void * value){
      |      ^~~~~~~~~
hashmap.c:42:6: note: previous definition of ‘insertMap’ with type ‘void(HashMap *, char *, void *)’ {aka ‘void(struct HashMap *, char *, void *)’}
   42 | void insertMap(HashMap * map, char * key, void * value) {
      |      ^~~~~~~~~
Compilation failed
d60a523
Fri 14 Apr 2023 07:52:40 AM UTC: 
 hashmap.c | 4 ----
 1 file changed, 4 deletions(-)
 tests:  1|5
total_score: 10/70
ce5fbc9
Fri 14 Apr 2023 07:56:28 AM UTC: 
 hashmap.c | 14 +++++++++++++-
 1 file changed, 13 insertions(+), 1 deletion(-)
test.c: In function ‘enlarge’:
test.c:453:5: error: ‘main’ is normally a non-static function [-Werror=main]
  453 | int main( int argc, char *argv[] ) {
      |     ^~~~
test.c:511:1: error: expected declaration or statement at end of input
  511 | }
      | ^
At top level:
test.c:453:5: error: ‘main’ defined but not used [-Werror=unused-function]
  453 | int main( int argc, char *argv[] ) {
      |     ^~~~
test.c:217:5: error: ‘insert_test5’ defined but not used [-Werror=unused-function]
  217 | int insert_test5(){ //factor de carga>0.7, se llama a función enlarge
      |     ^~~~~~~~~~~~
test.c:131:6: error: ‘compare_test’ defined but not used [-Werror=unused-function]
  131 | void compare_test(){
      |      ^~~~~~~~~~~~
test.c:125:6: error: ‘hash_test3’ defined but not used [-Werror=unused-function]
  125 | void hash_test3(){ //no random
      |      ^~~~~~~~~~
test.c:111:6: error: ‘hash_test2’ defined but not used [-Werror=unused-function]
  111 | void hash_test2(){ // colisiones
      |      ^~~~~~~~~~
test.c:100:6: error: ‘hash_test1’ defined but not used [-Werror=unused-function]
  100 | void hash_test1(){ // posición válida
      |      ^~~~~~~~~~
cc1: all warnings being treated as errors
Compilation failed
cb6f3f4
Fri 14 Apr 2023 07:59:29 AM UTC: 
 hashmap.c | 1 +
 1 file changed, 1 insertion(+)
 tests:  2|4
total_score: 20/70
99a8c4d
